#
# A fatal error has been detected by the Java Runtime Environment:
#
#  EXCEPTION_INVALID_HANDLE (0xc0000008) at pc=0x77396e13, pid=2352, tid=6796
#
# JRE version: Java(TM) SE Runtime Environment (8.0_77-b03) (build 1.8.0_77-b03)
# Java VM: Java HotSpot(TM) Client VM (25.77-b03 mixed mode windows-x86 )
# Problematic frame:
# C  [ntdll.dll+0x26e13]
#
# Failed to write core dump. Minidumps are not enabled by default on client versions of Windows
#
# If you would like to submit a bug report, please visit:
#   http://bugreport.java.com/bugreport/crash.jsp
# The crash happened outside the Java Virtual Machine in native code.
# See problematic frame for where to report the bug.
#

---------------  T H R E A D  ---------------

Current thread (0x15ca0800):  JavaThread "pool-2-thread-1" [_thread_in_native, id=6796, stack(0x16f30000,0x16f80000)]

siginfo: ExceptionCode=0xc0000008

Registers:
EAX=0xc0000008, EBX=0x163dc200, ECX=0x5ae621bc, EDX=0x00000000
ESP=0x16f7f008, EBP=0x16f7f030, ESI=0x162e77d4, EDI=0x163dc338
EIP=0x77396e13, EFLAGS=0x00000282

Top of Stack: (sp=0x16f7f008)
0x16f7f008:   003dc3a8 162e77d8 163dc201 163dc2a2
0x16f7f018:   00000000 00000000 00000000 163dc200
0x16f7f028:   163dc338 00223000 16f7f050 773ba096
0x16f7f038:   16f7f1b0 162e77d0 162e77d4 00000001
0x16f7f048:   162e77d4 01000101 16f7f05c 773b9fb5
0x16f7f058:   00000001 16f7f0e8 5b1288df 162e77d4
0x16f7f068:   15ca0800 161e1b50 15ca0800 161e32f0
0x16f7f078:   162e7790 162e77d0 5b7b9c8a 162e77d0 

Instructions: (pc=0x77396e13)
0x77396df3:   ff f7 46 14 00 00 00 01 0f 85 6c ff ff ff 8b ce
0x77396e03:   e8 d0 c4 00 00 e9 60 ff ff ff 50 e8 2d 4a 06 00
0x77396e13:   cc cc cc cc cc 8b ff 55 8b ec 83 e4 f8 83 ec 24
0x77396e23:   53 56 8b 75 08 8b d9 89 5c 24 10 57 8b fa 83 fe 


Register to memory mapping:

EAX=0xc0000008 is an unknown value
EBX=0x163dc200 is an unknown value
ECX=0x5ae621bc is an unknown value
EDX=0x00000000 is an unknown value
ESP=0x16f7f008 is pointing into the stack for thread: 0x15ca0800
EBP=0x16f7f030 is pointing into the stack for thread: 0x15ca0800
ESI=0x162e77d4 is an unknown value
EDI=0x163dc338 is an unknown value


Stack: [0x16f30000,0x16f80000],  sp=0x16f7f008,  free space=316k
Native frames: (J=compiled Java code, j=interpreted, Vv=VM code, C=native code)
C  [ntdll.dll+0x26e13]
C  [ntdll.dll+0x4a096]
C  [ntdll.dll+0x49fb5]
C  [libvlccore.dll+0x988df]
C  [jna5772154732526043794.dll+0xce92]
C  [jna5772154732526043794.dll+0x2dde]
C  [jna5772154732526043794.dll+0x536e]
j  com.sun.jna.Native.invokeLong(JI[Ljava/lang/Object;)J+0
j  com.sun.jna.Function.invoke([Ljava/lang/Object;Ljava/lang/Class;Z)Ljava/lang/Object;+389
j  com.sun.jna.Function.invoke(Ljava/lang/Class;[Ljava/lang/Object;Ljava/util/Map;)Ljava/lang/Object;+214
j  com.sun.jna.Library$Handler.invoke(Ljava/lang/Object;Ljava/lang/reflect/Method;[Ljava/lang/Object;)Ljava/lang/Object;+341
j  com.sun.proxy.$Proxy0.libvlc_media_player_get_time(Luk/co/caprica/vlcj/binding/internal/libvlc_media_player_t;)J+16
j  uk.co.caprica.vlcj.player.DefaultMediaPlayer.getTime()J+17
j  uk.co.caprica.vlcj.test.basic.PlayerControlsPanel$UpdateRunnable.run()V+4
j  java.util.concurrent.Executors$RunnableAdapter.call()Ljava/lang/Object;+4
j  java.util.concurrent.FutureTask.runAndReset()Z+47
j  java.util.concurrent.ScheduledThreadPoolExecutor$ScheduledFutureTask.access$301(Ljava/util/concurrent/ScheduledThreadPoolExecutor$ScheduledFutureTask;)Z+1
j  java.util.concurrent.ScheduledThreadPoolExecutor$ScheduledFutureTask.run()V+37
j  java.util.concurrent.ThreadPoolExecutor.runWorker(Ljava/util/concurrent/ThreadPoolExecutor$Worker;)V+95
j  java.util.concurrent.ThreadPoolExecutor$Worker.run()V+5
j  java.lang.Thread.run()V+11
v  ~StubRoutines::call_stub
V  [jvm.dll+0x158f95]
V  [jvm.dll+0x21e54e]
V  [jvm.dll+0x15902e]
V  [jvm.dll+0x1591b6]
V  [jvm.dll+0x159227]
V  [jvm.dll+0xfd9ef]
V  [jvm.dll+0x17c34c]
V  [jvm.dll+0x17c43a]
V  [jvm.dll+0x1c0a76]
C  [msvcr100.dll+0x5c556]
C  [msvcr100.dll+0x5c600]
C  [KERNEL32.DLL+0x138f4]
C  [ntdll.dll+0x65de3]
C  [ntdll.dll+0x65dae]
C  0x00000000

Java frames: (J=compiled Java code, j=interpreted, Vv=VM code)
j  com.sun.jna.Native.invokeLong(JI[Ljava/lang/Object;)J+0
j  com.sun.jna.Function.invoke([Ljava/lang/Object;Ljava/lang/Class;Z)Ljava/lang/Object;+389
j  com.sun.jna.Function.invoke(Ljava/lang/Class;[Ljava/lang/Object;Ljava/util/Map;)Ljava/lang/Object;+214
j  com.sun.jna.Library$Handler.invoke(Ljava/lang/Object;Ljava/lang/reflect/Method;[Ljava/lang/Object;)Ljava/lang/Object;+341
j  com.sun.proxy.$Proxy0.libvlc_media_player_get_time(Luk/co/caprica/vlcj/binding/internal/libvlc_media_player_t;)J+16
j  uk.co.caprica.vlcj.player.DefaultMediaPlayer.getTime()J+17
j  uk.co.caprica.vlcj.test.basic.PlayerControlsPanel$UpdateRunnable.run()V+4
j  java.util.concurrent.Executors$RunnableAdapter.call()Ljava/lang/Object;+4
j  java.util.concurrent.FutureTask.runAndReset()Z+47
j  java.util.concurrent.ScheduledThreadPoolExecutor$ScheduledFutureTask.access$301(Ljava/util/concurrent/ScheduledThreadPoolExecutor$ScheduledFutureTask;)Z+1
j  java.util.concurrent.ScheduledThreadPoolExecutor$ScheduledFutureTask.run()V+37
j  java.util.concurrent.ThreadPoolExecutor.runWorker(Ljava/util/concurrent/ThreadPoolExecutor$Worker;)V+95
j  java.util.concurrent.ThreadPoolExecutor$Worker.run()V+5
j  java.lang.Thread.run()V+11
v  ~StubRoutines::call_stub

---------------  P R O C E S S  ---------------

Java Threads: ( => current thread )
  0x15cd7400 JavaThread "TimerQueue" daemon [_thread_blocked, id=8692, stack(0x18700000,0x18750000)]
=>0x15ca0800 JavaThread "pool-2-thread-1" [_thread_in_native, id=6796, stack(0x16f30000,0x16f80000)]
  0x15b3c400 JavaThread "Swing-Shell" daemon [_thread_blocked, id=5220, stack(0x167f0000,0x16840000)]
  0x0268bc00 JavaThread "DestroyJavaVM" [_thread_blocked, id=6112, stack(0x02630000,0x02680000)]
  0x15080400 JavaThread "AWT-EventQueue-0" [_thread_blocked, id=1688, stack(0x15890000,0x158e0000)]
  0x1507a800 JavaThread "AWT-Windows" daemon [_thread_in_native, id=7180, stack(0x15800000,0x15850000)]
  0x1507a000 JavaThread "AWT-Shutdown" [_thread_blocked, id=5392, stack(0x15770000,0x157c0000)]
  0x15079000 JavaThread "Java2D Disposer" daemon [_thread_blocked, id=8328, stack(0x156e0000,0x15730000)]
  0x14f3e400 JavaThread "Service Thread" daemon [_thread_blocked, id=6708, stack(0x154e0000,0x15530000)]
  0x14f15400 JavaThread "C1 CompilerThread0" daemon [_thread_blocked, id=8080, stack(0x15450000,0x154a0000)]
  0x14f14000 JavaThread "Attach Listener" daemon [_thread_blocked, id=7880, stack(0x153c0000,0x15410000)]
  0x14f12000 JavaThread "Signal Dispatcher" daemon [_thread_blocked, id=168, stack(0x15330000,0x15380000)]
  0x14f08c00 JavaThread "Finalizer" daemon [_thread_blocked, id=2284, stack(0x151c0000,0x15210000)]
  0x14ef3400 JavaThread "Reference Handler" daemon [_thread_blocked, id=4612, stack(0x15130000,0x15180000)]

Other Threads:
  0x028ebc00 VMThread [stack: 0x14ea0000,0x14ef0000] [id=4300]
  0x14f42400 WatcherThread [stack: 0x15570000,0x155c0000] [id=5376]

VM state:not at safepoint (normal execution)

VM Mutex/Monitor currently owned by a thread: None

Heap:
 def new generation   total 4928K, used 2518K [0x04a00000, 0x04f50000, 0x09f50000)
  eden space 4416K,  45% used [0x04a00000, 0x04bf5a08, 0x04e50000)
  from space 512K, 100% used [0x04e50000, 0x04ed0000, 0x04ed0000)
  to   space 512K,   0% used [0x04ed0000, 0x04ed0000, 0x04f50000)
 tenured generation   total 10944K, used 6505K [0x09f50000, 0x0aa00000, 0x14a00000)
   the space 10944K,  59% used [0x09f50000, 0x0a5aa790, 0x0a5aa800, 0x0aa00000)
 Metaspace       used 9160K, capacity 9341K, committed 9472K, reserved 9600K

Card table byte_map: [0x048f0000,0x04980000] byte_map_base: 0x048cb000

Polling page: 0x026a0000

CodeCache: size=32768Kb used=1451Kb max_used=1451Kb free=31316Kb
 bounds [0x028f0000, 0x02a60000, 0x048f0000]
 total_blobs=774 nmethods=536 adapters=169
 compilation: enabled

Compilation events (10 events):
Event: 43.339 Thread 0x14f15400  534             java.util.regex.Pattern$BmpCharProperty::match (50 bytes)
Event: 43.340 Thread 0x14f15400 nmethod 534 0x02a56948 code [0x02a56a70, 0x02a56bb4]
Event: 45.438 Thread 0x14f15400  535   !         java.util.concurrent.LinkedBlockingQueue::take (93 bytes)
Event: 45.442 Thread 0x14f15400 nmethod 535 0x02a56c88 code [0x02a56e60, 0x02a57328]
Event: 47.687 Thread 0x14f15400  536             com.sun.jna.Structure::ensureAllocated (6 bytes)
Event: 47.688 Thread 0x14f15400 nmethod 536 0x02a57d08 code [0x02a57e20, 0x02a57f34]
Event: 47.688 Thread 0x14f15400  537   !         com.sun.jna.Native::getTypeMapper (203 bytes)
Event: 47.694 Thread 0x14f15400 nmethod 537 0x02a58008 code [0x02a58350, 0x02a596e4]
Event: 47.695 Thread 0x14f15400  538             uk.co.caprica.vlcj.logger.Logger::trace (24 bytes)
Event: 47.695 Thread 0x14f15400 nmethod 538 0x02a5acc8 code [0x02a5ade0, 0x02a5aea8]

GC Heap History (10 events):
Event: 3.388 GC heap before
{Heap before GC invocations=1 (full 0):
 def new generation   total 4928K, used 4902K [0x04a00000, 0x04f50000, 0x09f50000)
  eden space 4416K,  99% used [0x04a00000, 0x04e49b30, 0x04e50000)
  from space 512K, 100% used [0x04ed0000, 0x04f50000, 0x04f50000)
  to   space 512K,   0% used [0x04e50000, 0x04e50000, 0x04ed0000)
 tenured generation   total 10944K, used 877K [0x09f50000, 0x0aa00000, 0x14a00000)
   the space 10944K,   8% used [0x09f50000, 0x0a02b6c0, 0x0a02b800, 0x0aa00000)
 Metaspace       used 7494K, capacity 7661K, committed 7808K, reserved 8576K
Event: 3.413 GC heap after
Heap after GC invocations=2 (full 0):
 def new generation   total 4928K, used 512K [0x04a00000, 0x04f50000, 0x09f50000)
  eden space 4416K,   0% used [0x04a00000, 0x04a00000, 0x04e50000)
  from space 512K, 100% used [0x04e50000, 0x04ed0000, 0x04ed0000)
  to   space 512K,   0% used [0x04ed0000, 0x04ed0000, 0x04f50000)
 tenured generation   total 10944K, used 1540K [0x09f50000, 0x0aa00000, 0x14a00000)
   the space 10944K,  14% used [0x09f50000, 0x0a0d1140, 0x0a0d1200, 0x0aa00000)
 Metaspace       used 7494K, capacity 7661K, committed 7808K, reserved 8576K
}
Event: 4.558 GC heap before
{Heap before GC invocations=2 (full 0):
 def new generation   total 4928K, used 4673K [0x04a00000, 0x04f50000, 0x09f50000)
  eden space 4416K,  94% used [0x04a00000, 0x04e106b8, 0x04e50000)
  from space 512K, 100% used [0x04e50000, 0x04ed0000, 0x04ed0000)
  to   space 512K,   0% used [0x04ed0000, 0x04ed0000, 0x04f50000)
 tenured generation   total 10944K, used 1540K [0x09f50000, 0x0aa00000, 0x14a00000)
   the space 10944K,  14% used [0x09f50000, 0x0a0d1140, 0x0a0d1200, 0x0aa00000)
 Metaspace       used 8665K, capacity 8843K, committed 8960K, reserved 9600K
Event: 4.567 GC heap after
Heap after GC invocations=3 (full 0):
 def new generation   total 4928K, used 512K [0x04a00000, 0x04f50000, 0x09f50000)
  eden space 4416K,   0% used [0x04a00000, 0x04a00000, 0x04e50000)
  from space 512K, 100% used [0x04ed0000, 0x04f50000, 0x04f50000)
  to   space 512K,   0% used [0x04e50000, 0x04e50000, 0x04ed0000)
 tenured generation   total 10944K, used 2220K [0x09f50000, 0x0aa00000, 0x14a00000)
   the space 10944K,  20% used [0x09f50000, 0x0a17b348, 0x0a17b400, 0x0aa00000)
 Metaspace       used 8665K, capacity 8843K, committed 8960K, reserved 9600K
}
Event: 6.733 GC heap before
{Heap before GC invocations=3 (full 0):
 def new generation   total 4928K, used 4928K [0x04a00000, 0x04f50000, 0x09f50000)
  eden space 4416K, 100% used [0x04a00000, 0x04e50000, 0x04e50000)
  from space 512K, 100% used [0x04ed0000, 0x04f50000, 0x04f50000)
  to   space 512K,   0% used [0x04e50000, 0x04e50000, 0x04ed0000)
 tenured generation   total 10944K, used 2220K [0x09f50000, 0x0aa00000, 0x14a00000)
   the space 10944K,  20% used [0x09f50000, 0x0a17b348, 0x0a17b400, 0x0aa00000)
 Metaspace       used 9090K, capacity 9277K, committed 9344K, reserved 9600K
Event: 6.744 GC heap after
Heap after GC invocations=4 (full 0):
 def new generation   total 4928K, used 432K [0x04a00000, 0x04f50000, 0x09f50000)
  eden space 4416K,   0% used [0x04a00000, 0x04a00000, 0x04e50000)
  from space 512K,  84% used [0x04e50000, 0x04ebc028, 0x04ed0000)
  to   space 512K,   0% used [0x04ed0000, 0x04ed0000, 0x04f50000)
 tenured generation   total 10944K, used 5147K [0x09f50000, 0x0aa00000, 0x14a00000)
   the space 10944K,  47% used [0x09f50000, 0x0a456f20, 0x0a457000, 0x0aa00000)
 Metaspace       used 9090K, capacity 9277K, committed 9344K, reserved 9600K
}
Event: 23.988 GC heap before
{Heap before GC invocations=4 (full 0):
 def new generation   total 4928K, used 4848K [0x04a00000, 0x04f50000, 0x09f50000)
  eden space 4416K, 100% used [0x04a00000, 0x04e50000, 0x04e50000)
  from space 512K,  84% used [0x04e50000, 0x04ebc028, 0x04ed0000)
  to   space 512K,   0% used [0x04ed0000, 0x04ed0000, 0x04f50000)
 tenured generation   total 10944K, used 5147K [0x09f50000, 0x0aa00000, 0x14a00000)
   the space 10944K,  47% used [0x09f50000, 0x0a456f20, 0x0a457000, 0x0aa00000)
 Metaspace       used 9092K, capacity 9277K, committed 9344K, reserved 9600K
Event: 24.008 GC heap after
Heap after GC invocations=5 (full 0):
 def new generation   total 4928K, used 512K [0x04a00000, 0x04f50000, 0x09f50000)
  eden space 4416K,   0% used [0x04a00000, 0x04a00000, 0x04e50000)
  from space 512K, 100% used [0x04ed0000, 0x04f50000, 0x04f50000)
  to   space 512K,   0% used [0x04e50000, 0x04e50000, 0x04ed0000)
 tenured generation   total 10944K, used 5857K [0x09f50000, 0x0aa00000, 0x14a00000)
   the space 10944K,  53% used [0x09f50000, 0x0a5084f0, 0x0a508600, 0x0aa00000)
 Metaspace       used 9092K, capacity 9277K, committed 9344K, reserved 9600K
}
Event: 39.901 GC heap before
{Heap before GC invocations=5 (full 0):
 def new generation   total 4928K, used 4928K [0x04a00000, 0x04f50000, 0x09f50000)
  eden space 4416K, 100% used [0x04a00000, 0x04e50000, 0x04e50000)
  from space 512K, 100% used [0x04ed0000, 0x04f50000, 0x04f50000)
  to   space 512K,   0% used [0x04e50000, 0x04e50000, 0x04ed0000)
 tenured generation   total 10944K, used 5857K [0x09f50000, 0x0aa00000, 0x14a00000)
   the space 10944K,  53% used [0x09f50000, 0x0a5084f0, 0x0a508600, 0x0aa00000)
 Metaspace       used 9157K, capacity 9341K, committed 9472K, reserved 9600K
Event: 39.917 GC heap after
Heap after GC invocations=6 (full 0):
 def new generation   total 4928K, used 512K [0x04a00000, 0x04f50000, 0x09f50000)
  eden space 4416K,   0% used [0x04a00000, 0x04a00000, 0x04e50000)
  from space 512K, 100% used [0x04e50000, 0x04ed0000, 0x04ed0000)
  to   space 512K,   0% used [0x04ed0000, 0x04ed0000, 0x04f50000)
 tenured generation   total 10944K, used 6505K [0x09f50000, 0x0aa00000, 0x14a00000)
   the space 10944K,  59% used [0x09f50000, 0x0a5aa790, 0x0a5aa800, 0x0aa00000)
 Metaspace       used 9157K, capacity 9341K, committed 9472K, reserved 9600K
}

Deoptimization events (0 events):
No events

Internal exceptions (10 events):
Event: 0.231 Thread 0x0268bc00 Exception <a 'java/security/PrivilegedActionException'> (0x04a84128) thrown at [C:\workspace\8-2-build-windows-i586-cygwin\jdk8u77\6540\hotspot\src\share\vm\prims\jvm.cpp, line 1386]
Event: 0.261 Thread 0x0268bc00 Exception <a 'java/security/PrivilegedActionException'> (0x04ad3798) thrown at [C:\workspace\8-2-build-windows-i586-cygwin\jdk8u77\6540\hotspot\src\share\vm\prims\jvm.cpp, line 1386]
Event: 0.261 Thread 0x0268bc00 Exception <a 'java/security/PrivilegedActionException'> (0x04ad3998) thrown at [C:\workspace\8-2-build-windows-i586-cygwin\jdk8u77\6540\hotspot\src\share\vm\prims\jvm.cpp, line 1386]
Event: 0.263 Thread 0x0268bc00 Exception <a 'java/security/PrivilegedActionException'> (0x04ad7780) thrown at [C:\workspace\8-2-build-windows-i586-cygwin\jdk8u77\6540\hotspot\src\share\vm\prims\jvm.cpp, line 1386]
Event: 0.263 Thread 0x0268bc00 Exception <a 'java/security/PrivilegedActionException'> (0x04ad7980) thrown at [C:\workspace\8-2-build-windows-i586-cygwin\jdk8u77\6540\hotspot\src\share\vm\prims\jvm.cpp, line 1386]
Event: 0.280 Thread 0x0268bc00 Exception <a 'java/io/FileNotFoundException'> (0x04add018) thrown at [C:\workspace\8-2-build-windows-i586-cygwin\jdk8u77\6540\hotspot\src\share\vm\prims\jni.cpp, line 709]
Event: 0.351 Thread 0x0268bc00 Exception <a 'java/lang/NoSuchFieldError': method resolution failed> (0x04b97f38) thrown at [C:\workspace\8-2-build-windows-i586-cygwin\jdk8u77\6540\hotspot\src\share\vm\prims\methodHandles.cpp, line 1146]
Event: 0.354 Thread 0x0268bc00 Exception <a 'java/lang/NoSuchFieldError': method resolution failed> (0x04ba40d8) thrown at [C:\workspace\8-2-build-windows-i586-cygwin\jdk8u77\6540\hotspot\src\share\vm\prims\methodHandles.cpp, line 1146]
Event: 0.472 Thread 0x15080400 Exception <a 'java/io/FileNotFoundException'> (0x04c4eb98) thrown at [C:\workspace\8-2-build-windows-i586-cygwin\jdk8u77\6540\hotspot\src\share\vm\prims\jni.cpp, line 709]
Event: 0.924 Thread 0x15080400 Exception <a 'java/lang/NoSuchMethodError': <clinit>> (0x04e39358) thrown at [C:\workspace\8-2-build-windows-i586-cygwin\jdk8u77\6540\hotspot\src\share\vm\prims\jni.cpp, line 1591]

Events (10 events):
Event: 47.687 Thread 0x14f25400 Thread exited: 0x14f25400
Event: 47.687 Thread 0x14f23c00 Thread added: 0x14f23c00
Event: 47.689 Thread 0x14f23c00 Thread exited: 0x14f23c00
Event: 47.999 Executing VM operation: RevokeBias
Event: 47.999 Executing VM operation: RevokeBias done
Event: 47.999 Thread 0x15cb7400 Thread exited: 0x15cb7400
Event: 48.006 loading class java/awt/KeyboardFocusManager$2
Event: 48.006 loading class java/awt/KeyboardFocusManager$2 done
Event: 48.006 loading class sun/awt/SunToolkit$1
Event: 48.006 loading class sun/awt/SunToolkit$1 done


Dynamic libraries:
0x00100000 - 0x00133000 	C:\Program Files (x86)\Java\jre1.8.0_77\bin\javaw.exe
0x77370000 - 0x774eb000 	C:\windows\SYSTEM32\ntdll.dll
0x76b10000 - 0x76bf0000 	C:\windows\SYSTEM32\KERNEL32.DLL
0x76820000 - 0x7699e000 	C:\windows\SYSTEM32\KERNELBASE.dll
0x74010000 - 0x74084000 	C:\Windows\SYSTEM32\guard32.dll
0x76680000 - 0x767c7000 	C:\windows\SYSTEM32\USER32.dll
0x76480000 - 0x765cf000 	C:\windows\SYSTEM32\GDI32.dll
0x740c0000 - 0x7413b000 	C:\windows\SYSTEM32\ADVAPI32.dll
0x76d70000 - 0x76e2e000 	C:\windows\SYSTEM32\msvcrt.dll
0x74190000 - 0x741d4000 	C:\windows\SYSTEM32\sechost.dll
0x765d0000 - 0x7667d000 	C:\windows\SYSTEM32\RPCRT4.dll
0x740a0000 - 0x740be000 	C:\windows\SYSTEM32\SspiCli.dll
0x74090000 - 0x7409a000 	C:\windows\SYSTEM32\CRYPTBASE.dll
0x747c0000 - 0x74818000 	C:\windows\SYSTEM32\bcryptPrimitives.dll
0x747a0000 - 0x747a6000 	C:\windows\SYSTEM32\PSAPI.DLL
0x741e0000 - 0x7420b000 	C:\windows\SYSTEM32\IMM32.DLL
0x74000000 - 0x74008000 	C:\windows\system32\version.dll
0x74a30000 - 0x74b1b000 	C:\windows\SYSTEM32\ole32.dll
0x770b0000 - 0x7726d000 	C:\windows\SYSTEM32\combase.dll
0x76e30000 - 0x76e75000 	C:\windows\SYSTEM32\shlwapi.dll
0x73ff0000 - 0x73ff8000 	C:\windows\system32\fltlib.dll
0x73fc0000 - 0x73fe8000 	C:\windows\SYSTEM32\ntmarta.dll
0x731f0000 - 0x733ff000 	C:\windows\WinSxS\x86_microsoft.windows.common-controls_6595b64144ccf1df_6.0.10586.0_none_d3c2e4e965da4528\COMCTL32.dll
0x5b7e0000 - 0x5b89f000 	C:\Program Files (x86)\Java\jre1.8.0_77\bin\msvcr100.dll
0x5bb70000 - 0x5bf38000 	C:\Program Files (x86)\Java\jre1.8.0_77\bin\client\jvm.dll
0x72d00000 - 0x72d08000 	C:\windows\SYSTEM32\WSOCK32.dll
0x77310000 - 0x7736f000 	C:\windows\SYSTEM32\WS2_32.dll
0x72da0000 - 0x72dc4000 	C:\windows\SYSTEM32\WINMM.dll
0x72d50000 - 0x72d73000 	C:\windows\SYSTEM32\WINMMBASE.dll
0x74b20000 - 0x74b57000 	C:\windows\SYSTEM32\cfgmgr32.dll
0x70a20000 - 0x70a2c000 	C:\Program Files (x86)\Java\jre1.8.0_77\bin\verify.dll
0x65980000 - 0x659a1000 	C:\Program Files (x86)\Java\jre1.8.0_77\bin\java.dll
0x6ab10000 - 0x6ab23000 	C:\Program Files (x86)\Java\jre1.8.0_77\bin\zip.dll
0x74b80000 - 0x75f7e000 	C:\windows\SYSTEM32\SHELL32.dll
0x75f80000 - 0x7647a000 	C:\windows\SYSTEM32\windows.storage.dll
0x76d60000 - 0x76d6c000 	C:\windows\SYSTEM32\kernel.appcore.dll
0x76a20000 - 0x76aad000 	C:\windows\SYSTEM32\shcore.dll
0x74140000 - 0x74184000 	C:\windows\SYSTEM32\powrprof.dll
0x770a0000 - 0x770af000 	C:\windows\SYSTEM32\profapi.dll
0x5b4a0000 - 0x5b5e5000 	C:\Program Files (x86)\Java\jre1.8.0_77\bin\awt.dll
0x74880000 - 0x74912000 	C:\windows\SYSTEM32\OLEAUT32.dll
0x72ac0000 - 0x72b52000 	C:\windows\system32\apphelp.dll
0x72870000 - 0x728e5000 	C:\windows\system32\uxtheme.dll
0x74680000 - 0x7479f000 	C:\windows\SYSTEM32\MSCTF.dll
0x725f0000 - 0x7266d000 	C:\Program Files (x86)\Common Files\Microsoft Shared\Ink\tiptsf.dll
0x72d80000 - 0x72d9d000 	C:\windows\system32\dwmapi.dll
0x581a0000 - 0x581d9000 	C:\Program Files (x86)\Java\jre1.8.0_77\bin\fontmanager.dll
0x603c0000 - 0x603d6000 	C:\Program Files (x86)\Java\jre1.8.0_77\bin\net.dll
0x73b00000 - 0x73b4f000 	C:\windows\system32\mswsock.dll
0x6af60000 - 0x6af6f000 	C:\Program Files (x86)\Java\jre1.8.0_77\bin\nio.dll
0x58170000 - 0x581a0000 	C:\Program Files (x86)\Java\jre1.8.0_77\bin\t2k.dll
0x73760000 - 0x73773000 	C:\windows\SYSTEM32\CRYPTSP.dll
0x73730000 - 0x7375f000 	C:\windows\system32\rsaenh.dll
0x73b50000 - 0x73b6b000 	C:\windows\SYSTEM32\bcrypt.dll
0x738a0000 - 0x738b9000 	C:\windows\SYSTEM32\USERENV.dll
0x737e0000 - 0x7380f000 	C:\windows\SYSTEM32\IPHLPAPI.DLL
0x76e80000 - 0x76e87000 	C:\windows\SYSTEM32\NSI.dll
0x736d0000 - 0x736e3000 	C:\windows\SYSTEM32\dhcpcsvc6.DLL
0x736f0000 - 0x73704000 	C:\windows\SYSTEM32\dhcpcsvc.DLL
0x16160000 - 0x161d2000 	C:\Users\jonat\AppData\Local\Temp\jna\jna5772154732526043794.dll
0x5b7b0000 - 0x5b7d2000 	C:\Users\jonat\Documents\GitHub\FDE_mediaplayer\external_archives\VLC\vlc-2.0.1\libvlc.dll
0x5b090000 - 0x5b2c5000 	C:\Users\jonat\Documents\GitHub\FDE_mediaplayer\external_archives\VLC\vlc-2.0.1\libvlccore.dll
0x58030000 - 0x580b6000 	C:\windows\SYSTEM32\dsound.dll
0x57510000 - 0x58029000 	C:\Users\jonat\Documents\GitHub\FDE_mediaplayer\external_archives\VLC\vlc-2.0.1\plugins\gui\libqt4_plugin.dll
0x74920000 - 0x74a12000 	C:\windows\SYSTEM32\COMDLG32.DLL
0x769c0000 - 0x76a1e000 	C:\windows\SYSTEM32\FirewallAPI.dll
0x74b60000 - 0x74b73000 	C:\windows\SYSTEM32\NETAPI32.dll
0x73460000 - 0x734c7000 	C:\windows\SYSTEM32\WINSPOOL.DRV
0x72d40000 - 0x72d4b000 	C:\windows\SYSTEM32\DAVHLPR.DLL
0x72d10000 - 0x72d3d000 	C:\windows\SYSTEM32\fwbase.dll
0x573d0000 - 0x57504000 	C:\Users\jonat\Documents\GitHub\FDE_mediaplayer\external_archives\VLC\vlc-2.0.1\plugins\misc\libxml_plugin.dll
0x164f0000 - 0x16582000 	C:\windows\WinSxS\x86_microsoft.windows.common-controls_6595b64144ccf1df_5.82.10586.0_none_811bc0006c44242b\comctl32.dll
0x77010000 - 0x77094000 	C:\windows\SYSTEM32\clbcatq.dll
0x738d0000 - 0x73a1b000 	C:\windows\SYSTEM32\PROPSYS.dll
0x71ed0000 - 0x720ec000 	C:\Windows\SYSTEM32\ActXPrxy.dll
0x572a0000 - 0x573c4000 	C:\windows\system32\NetworkExplorer.dll
0x673c0000 - 0x673d6000 	C:\windows\SYSTEM32\MPR.dll
0x6ab70000 - 0x6ab79000 	C:\windows\System32\drprov.dll
0x734d0000 - 0x73514000 	C:\windows\System32\WINSTA.dll
0x603a0000 - 0x603b2000 	C:\windows\System32\ntlanman.dll
0x60380000 - 0x6039a000 	C:\windows\System32\davclnt.dll
0x73440000 - 0x73450000 	C:\windows\System32\wkscli.dll
0x72860000 - 0x7286f000 	C:\windows\SYSTEM32\cscapi.dll
0x73430000 - 0x7343a000 	C:\windows\System32\netutils.dll
0x5f630000 - 0x5f6a0000 	C:\Windows\SYSTEM32\dlnashext.dll
0x5bb10000 - 0x5bb67000 	C:\Windows\System32\PlayToDevice.dll
0x6a400000 - 0x6a41b000 	C:\Windows\System32\DevDispItemProvider.dll
0x16cf0000 - 0x16d45000 	C:\windows\System32\MMDevApi.dll
0x73f90000 - 0x73fb2000 	C:\windows\System32\DEVOBJ.dll
0x570b0000 - 0x57298000 	C:\windows\system32\wpdshext.dll
0x16d50000 - 0x16ebb000 	C:\windows\WinSxS\x86_microsoft.windows.gdiplus_6595b64144ccf1df_1.1.10586.20_none_22adb5eaa762c7fa\gdiplus.dll
0x5b620000 - 0x5b6a3000 	C:\Windows\SYSTEM32\PortableDeviceApi.dll
0x74270000 - 0x7467b000 	C:\windows\SYSTEM32\SETUPAPI.dll
0x767d0000 - 0x76812000 	C:\windows\SYSTEM32\WINTRUST.dll
0x747b0000 - 0x747be000 	C:\windows\SYSTEM32\MSASN1.dll
0x76e90000 - 0x77008000 	C:\windows\SYSTEM32\CRYPT32.dll
0x5b5f0000 - 0x5b618000 	C:\Windows\SYSTEM32\PortableDeviceTypes.dll
0x58130000 - 0x58170000 	C:\windows\system32\audiodev.dll
0x56e70000 - 0x570ab000 	C:\windows\system32\WMVCore.DLL
0x580f0000 - 0x5812e000 	C:\windows\system32\WMASF.DLL
0x686d0000 - 0x687d8000 	C:\windows\system32\mfperfhelper.dll
0x16ed0000 - 0x16edb000 	C:\windows\SYSTEM32\LINKINFO.dll
0x6fa30000 - 0x6fb4c000 	C:\Windows\SYSTEM32\uiautomationcore.dll
0x73f00000 - 0x73f81000 	C:\windows\SYSTEM32\sxs.dll
0x72de0000 - 0x72e34000 	C:\Windows\SYSTEM32\OLEACC.dll
0x6fb50000 - 0x6fbe3000 	C:\windows\SYSTEM32\twinapi.dll
0x72290000 - 0x7235d000 	C:\windows\SYSTEM32\twinapi.appcore.dll
0x580e0000 - 0x580e6000 	C:\Program Files (x86)\Java\jre1.8.0_77\bin\jawt.dll
0x6c3d0000 - 0x6c438000 	C:\windows\SYSTEM32\AUDIOSES.DLL
0x721c0000 - 0x72288000 	C:\windows\SYSTEM32\wintypes.dll
0x5cc40000 - 0x5cc8d000 	C:\windows\system32\Ninput.dll
0x72b90000 - 0x72ccf000 	C:\windows\SYSTEM32\dbghelp.dll

VM Arguments:
jvm_args: -Dfile.encoding=Cp1252 
java_command: client.Client
java_class_path (initial): C:\Users\jonat\Documents\GitHub\FDE_mediaplayer\bin1;C:\Users\jonat\Desktop\eclipse\plugins\org.junit_4.12.0.v201504281640\junit.jar;C:\Users\jonat\Desktop\eclipse\plugins\org.hamcrest.core_1.3.0.v201303031735.jar;C:\Users\jonat\Documents\GitHub\FDE_mediaplayer\external_archives\VLC\vlcj-2.0.0\vlcj-1.2.2-test.jar;C:\Users\jonat\Documents\GitHub\FDE_mediaplayer\external_archives\VLC\vlcj-2.0.0\jna-3.4.0.jar;C:\Users\jonat\Documents\GitHub\FDE_mediaplayer\external_archives\VLC\vlcj-2.0.0\platform-3.4.0.jar;C:\Users\jonat\Documents\GitHub\FDE_mediaplayer\external_archives\VLC\vlcj-2.0.0\vlcj-2.0.0.jar
Launcher Type: SUN_STANDARD

Environment Variables:
PATH=C:/Program Files (x86)/Java/jre1.8.0_77/bin/client;C:/Program Files (x86)/Java/jre1.8.0_77/bin;C:/Program Files (x86)/Java/jre1.8.0_77/lib/i386;C:\ProgramData\Oracle\Java\javapath;C:\windows\system32;C:\windows;C:\windows\System32\Wbem;C:\windows\System32\WindowsPowerShell\v1.0\;C:\Program Files (x86)\Skype\Phone\;C:\Users\jonat\AppData\Local\Programs\Python\Python35\Scripts\;C:\Users\jonat\AppData\Local\Programs\Python\Python35\;C:\Users\jonat\Desktop\eclipse;
USERNAME=jonat
OS=Windows_NT
PROCESSOR_IDENTIFIER=Intel64 Family 6 Model 76 Stepping 3, GenuineIntel



---------------  S Y S T E M  ---------------

OS: Windows 10.0 , 64 bit Build 10586 (10.0.10586.0)

CPU:total 4 (4 cores per cpu, 1 threads per core) family 6 model 76 stepping 3, cmov, cx8, fxsr, mmx, sse, sse2, sse3, ssse3, sse4.1, sse4.2, popcnt, aes, clmul, erms, 3dnowpref, tsc, tscinvbit

Memory: 4k page, physical 4108528k(1529768k free), swap 5878000k(1782604k free)

vm_info: Java HotSpot(TM) Client VM (25.77-b03) for windows-x86 JRE (1.8.0_77-b03), built on Mar 20 2016 22:00:03 by "java_re" with MS VC++ 10.0 (VS2010)

time: Wed Apr 27 14:50:45 2016
elapsed time: 48 seconds (0d 0h 0m 48s)

